COproj/Library/PramData/AndroidApplicationController/Cache/com.Heckvision.COproj/gradle-project/launcher/build/intermediates/manifest_merge_blame_file/debug/manifest-merger-blame-debug-report.txt
1<?xml version="1.0" encoding="utf-8"?>
2<manifest xmlns:android="http://schemas.android.com/apk/res/android"
3    package="com.Heckvision.COproj"
4    android:installLocation="auto"
5    android:versionCode="1"
6    android:versionName="0.1" >
7
8    <uses-sdk
9        android:minSdkVersion="29"
9-->src/main/AndroidManifest.xml
10        android:targetSdkVersion="32" />
10-->src/main/AndroidManifest.xml
11
12    <supports-screens
12-->src/main/AndroidManifest.xml:4:3-163
13        android:anyDensity="true"
13-->src/main/AndroidManifest.xml:4:135-160
14        android:largeScreens="true"
14-->src/main/AndroidManifest.xml:4:78-105
15        android:normalScreens="true"
15-->src/main/AndroidManifest.xml:4:49-77
16        android:smallScreens="true"
16-->src/main/AndroidManifest.xml:4:21-48
17        android:xlargeScreens="true" />
17-->src/main/AndroidManifest.xml:4:106-134
18
19    <uses-permission android:name="android.permission.INTERNET" />
19-->[:unityLibrary] AndroidManifest.xml:11:5-67
19-->[:unityLibrary] AndroidManifest.xml:11:22-64
20
21    <uses-feature
21-->[:unityLibrary] AndroidManifest.xml:13:5-16:31
22        android:name="android.hardware.vr.headtracking"
22-->[:unityLibrary] AndroidManifest.xml:14:9-56
23        android:required="true"
23-->[:unityLibrary] AndroidManifest.xml:15:9-32
24        android:version="1" />
24-->[:unityLibrary] AndroidManifest.xml:16:9-28
25    <uses-feature android:glEsVersion="0x00030000" />
25-->[:unityLibrary] AndroidManifest.xml:17:5-54
25-->[:unityLibrary] AndroidManifest.xml:17:19-51
26    <uses-feature
26-->[:unityLibrary] AndroidManifest.xml:18:5-20:36
27        android:name="android.hardware.touchscreen"
27-->[:unityLibrary] AndroidManifest.xml:19:9-52
28        android:required="false" />
28-->[:unityLibrary] AndroidManifest.xml:20:9-33
29    <uses-feature
29-->[:unityLibrary] AndroidManifest.xml:21:5-23:36
30        android:name="android.hardware.touchscreen.multitouch"
30-->[:unityLibrary] AndroidManifest.xml:22:9-63
31        android:required="false" />
31-->[:unityLibrary] AndroidManifest.xml:23:9-33
32    <uses-feature
32-->[:unityLibrary] AndroidManifest.xml:24:5-26:36
33        android:name="android.hardware.touchscreen.multitouch.distinct"
33-->[:unityLibrary] AndroidManifest.xml:25:9-72
34        android:required="false" />
34-->[:unityLibrary] AndroidManifest.xml:26:9-33
35    <uses-feature
35-->[:unityLibrary] AndroidManifest.xml:27:5-29:36
36        android:name="com.oculus.feature.PASSTHROUGH"
36-->[:unityLibrary] AndroidManifest.xml:28:9-54
37        android:required="false" />
37-->[:unityLibrary] AndroidManifest.xml:29:9-33
38
39    <application
39-->src/main/AndroidManifest.xml:3:3-83
40        android:allowBackup="false"
40-->[:unityLibrary] AndroidManifest.xml:32:9-36
41        android:debuggable="true"
42        android:extractNativeLibs="true"
42-->[:unityLibrary] AndroidManifest.xml:33:9-41
43        android:icon="@mipmap/app_icon"
43-->src/main/AndroidManifest.xml:3:49-80
44        android:label="@string/app_name"
44-->src/main/AndroidManifest.xml:3:16-48
45        android:networkSecurityConfig="@xml/network_sec_config" >
45-->[:unityLibrary] AndroidManifest.xml:36:9-64
46        <meta-data
46-->[:unityLibrary] AndroidManifest.xml:37:9-39:37
47            android:name="unityplayer.SkipPermissionsDialog"
47-->[:unityLibrary] AndroidManifest.xml:38:13-61
48            android:value="false" />
48-->[:unityLibrary] AndroidManifest.xml:39:13-34
49        <meta-data
49-->[:unityLibrary] AndroidManifest.xml:40:9-42:39
50            android:name="com.samsung.android.vr.application.mode"
50-->[:unityLibrary] AndroidManifest.xml:41:13-67
51            android:value="vr_only" />
51-->[:unityLibrary] AndroidManifest.xml:42:13-36
52        <meta-data
52-->[:unityLibrary] AndroidManifest.xml:43:9-45:37
53            android:name="com.oculus.ossplash.background"
53-->[:unityLibrary] AndroidManifest.xml:44:13-58
54            android:value="black" />
54-->[:unityLibrary] AndroidManifest.xml:45:13-34
55        <meta-data
55-->[:unityLibrary] AndroidManifest.xml:46:9-48:38
56            android:name="com.oculus.supportedDevices"
56-->[:unityLibrary] AndroidManifest.xml:47:13-55
57            android:value="quest2" />
57-->[:unityLibrary] AndroidManifest.xml:48:13-35
58        <meta-data
58-->[:unityLibrary] AndroidManifest.xml:49:9-51:33
59            android:name="unity.splash-mode"
59-->[:unityLibrary] AndroidManifest.xml:50:13-45
60            android:value="0" />
60-->[:unityLibrary] AndroidManifest.xml:51:13-30
61        <meta-data
61-->[:unityLibrary] AndroidManifest.xml:52:9-54:36
62            android:name="unity.splash-enable"
62-->[:unityLibrary] AndroidManifest.xml:53:13-47
63            android:value="True" />
63-->[:unityLibrary] AndroidManifest.xml:54:13-33
64        <meta-data
64-->[:unityLibrary] AndroidManifest.xml:55:9-57:36
65            android:name="unity.launch-fullscreen"
65-->[:unityLibrary] AndroidManifest.xml:56:13-51
66            android:value="True" />
66-->[:unityLibrary] AndroidManifest.xml:57:13-33
67        <meta-data
67-->[:unityLibrary] AndroidManifest.xml:58:9-60:50
68            android:name="notch.config"
68-->[:unityLibrary] AndroidManifest.xml:59:13-40
69            android:value="portrait|landscape" />
69-->[:unityLibrary] AndroidManifest.xml:60:13-47
70        <meta-data
70-->[:unityLibrary] AndroidManifest.xml:61:9-63:36
71            android:name="unity.auto-report-fully-drawn"
71-->[:unityLibrary] AndroidManifest.xml:62:13-57
72            android:value="true" />
72-->[:unityLibrary] AndroidManifest.xml:63:13-33
73
74        <activity
74-->[:unityLibrary] AndroidManifest.xml:65:9-88:20
75            android:name="com.unity3d.player.UnityPlayerActivity"
75-->[:unityLibrary] AndroidManifest.xml:66:13-66
76            android:configChanges="keyboard|keyboardHidden|navigation|orientation|screenLayout|screenSize|uiMode|density"
76-->[:unityLibrary] AndroidManifest.xml:67:13-122
77            android:excludeFromRecents="true"
77-->[:unityLibrary] AndroidManifest.xml:68:13-46
78            android:exported="true"
78-->[:unityLibrary] AndroidManifest.xml:69:13-36
79            android:hardwareAccelerated="false"
79-->[:unityLibrary] AndroidManifest.xml:70:13-48
80            android:launchMode="singleTask"
80-->[:unityLibrary] AndroidManifest.xml:71:13-44
81            android:resizeableActivity="false"
81-->[:unityLibrary] AndroidManifest.xml:72:13-47
82            android:screenOrientation="landscape"
82-->[:unityLibrary] AndroidManifest.xml:73:13-50
83            android:theme="@android:style/Theme.Black.NoTitleBar.Fullscreen" >
83-->[:unityLibrary] AndroidManifest.xml:74:13-77
84            <intent-filter>
84-->[:unityLibrary] AndroidManifest.xml:75:13-80:29
85                <category android:name="android.intent.category.LAUNCHER" />
85-->[:unityLibrary] AndroidManifest.xml:76:17-77
85-->[:unityLibrary] AndroidManifest.xml:76:27-74
86                <category android:name="com.oculus.intent.category.VR" />
86-->[:unityLibrary] AndroidManifest.xml:77:17-74
86-->[:unityLibrary] AndroidManifest.xml:77:27-71
87
88                <action android:name="android.intent.action.MAIN" />
88-->[:unityLibrary] AndroidManifest.xml:79:17-69
88-->[:unityLibrary] AndroidManifest.xml:79:25-66
89            </intent-filter>
90
91            <meta-data
91-->[:unityLibrary] AndroidManifest.xml:82:13-84:40
92                android:name="com.oculus.vr.focusaware"
92-->[:unityLibrary] AndroidManifest.xml:83:17-56
93                android:value="true" />
93-->[:unityLibrary] AndroidManifest.xml:84:17-37
94            <meta-data
94-->[:unityLibrary] AndroidManifest.xml:85:13-87:40
95                android:name="notch_support"
95-->[:unityLibrary] AndroidManifest.xml:86:17-45
96                android:value="true" />
96-->[:unityLibrary] AndroidManifest.xml:87:17-37
97        </activity>
98
99        <meta-data
99-->[:unityLibrary] AndroidManifest.xml:90:9-92:36
100            android:name="com.unity.xr.oculus.LowOverheadMode"
100-->[:unityLibrary] AndroidManifest.xml:91:13-63
101            android:value="true" />
101-->[:unityLibrary] AndroidManifest.xml:92:13-33
102        <meta-data
102-->[:unityLibrary] AndroidManifest.xml:93:9-95:37
103            android:name="com.unity.xr.oculus.LateLatching"
103-->[:unityLibrary] AndroidManifest.xml:94:13-60
104            android:value="false" />
104-->[:unityLibrary] AndroidManifest.xml:95:13-34
105        <meta-data
105-->[:unityLibrary] AndroidManifest.xml:96:9-98:37
106            android:name="com.unity.xr.oculus.LateLatchingDebug"
106-->[:unityLibrary] AndroidManifest.xml:97:13-65
107            android:value="false" />
107-->[:unityLibrary] AndroidManifest.xml:98:13-34
108        <meta-data
108-->[:unityLibrary] AndroidManifest.xml:99:9-101:36
109            android:name="com.oculus.ossplash"
109-->[:unityLibrary] AndroidManifest.xml:100:13-47
110            android:value="true" />
110-->[:unityLibrary] AndroidManifest.xml:101:13-33
111        <meta-data
111-->[:unityLibrary] AndroidManifest.xml:102:9-104:36
112            android:name="com.oculus.ossplash.type"
112-->[:unityLibrary] AndroidManifest.xml:103:13-52
113            android:value="mono" />
113-->[:unityLibrary] AndroidManifest.xml:104:13-33
114        <meta-data
114-->[:unityLibrary] AndroidManifest.xml:105:9-107:34
115            android:name="com.oculus.ossplash.colorspace"
115-->[:unityLibrary] AndroidManifest.xml:106:13-58
116            android:value="P3" />
116-->[:unityLibrary] AndroidManifest.xml:107:13-31
117    </application>
118
119</manifest>